[[1;32mINFO[0m   ] [Logger      ] Record log in /home/pi/.kivy/logs/kivy_19-06-08_21.txt
[[1;32mINFO[0m   ] [Kivy        ] v1.11.0.dev0, git-038acbf, 20180914
[[1;32mINFO[0m   ] [Python      ] v2.7.13 (default, Nov 24 2017, 17:33:09) 
[GCC 6.3.0 20170516]
[[1;32mINFO[0m   ] [Factory     ] 195 symbols loaded
[[1;32mINFO[0m   ] [Image       ] Providers: img_tex, img_dds, img_sdl2, img_pil, img_gif (img_ffpyplayer ignored)
[[1;32mINFO[0m   ] [Window      ] Provider: egl_rpi
[[1;32mINFO[0m   ] [GL          ] Using the "OpenGL ES 2" graphics system
[[1;32mINFO[0m   ] [GL          ] Backend used <gl>
[[1;32mINFO[0m   ] [GL          ] OpenGL version <OpenGL ES 2.0>
[[1;32mINFO[0m   ] [GL          ] OpenGL vendor <Broadcom>
[[1;32mINFO[0m   ] [GL          ] OpenGL renderer <VideoCore IV HW>
[[1;32mINFO[0m   ] [GL          ] OpenGL parsed version: 2, 0
[[1;32mINFO[0m   ] [GL          ] Shading version <OpenGL ES GLSL ES 1.00>
[[1;32mINFO[0m   ] [GL          ] Texture max size <2048>
[[1;32mINFO[0m   ] [GL          ] Texture max units <8>
[[1;32mINFO[0m   ] [Window      ] virtual keyboard not allowed, single mode, not docked
[[1;32mINFO[0m   ] [Text        ] Provider: sdl2
.Unable to connect to X server
[[1;32mINFO[0m   ] [ProbeSysfs  ] device match: /dev/input/event0
[[1;32mINFO[0m   ] [MTD         ] Read event from </dev/input/event0>
[[1;32mINFO[0m   ] [ProbeSysfs  ] device match: /dev/input/event0
[[1;32mINFO[0m   ] [HIDInput    ] Read event from </dev/input/event0>
[[1;32mINFO[0m   ] [Base        ] Start application main loop
[[1;32mINFO[0m   ] [MTD         ] </dev/input/event0> range position X is 0 - 800
[[1;32mINFO[0m   ] [MTD         ] </dev/input/event0> range position Y is 0 - 480
[[1;32mINFO[0m   ] [MTD         ] </dev/input/event0> range touch major is 0 - 0
[[1;32mINFO[0m   ] [MTD         ] </dev/input/event0> range touch minor is 0 - 0
[[1;32mINFO[0m   ] [MTD         ] </dev/input/event0> range pressure is 0 - 255
[[1;32mINFO[0m   ] [MTD         ] </dev/input/event0> axes invertion: X is 0, Y is 0
[[1;32mINFO[0m   ] [MTD         ] </dev/input/event0> rotation set to 0
[[1;32mINFO[0m   ] [HIDMotionEvent] using <FT5406 memory based driver>
[[1;32mINFO[0m   ] [GL          ] NPOT texture support is available
[[1;32mINFO[0m   ] [HIDMotionEvent] <FT5406 memory based driver> range ABS X position is 0 - 800
[[1;32mINFO[0m   ] [HIDMotionEvent] <FT5406 memory based driver> range ABS Y position is 0 - 480
[[1;32mINFO[0m   ] [HIDMotionEvent] <FT5406 memory based driver> range position X is 0 - 800
[[1;32mINFO[0m   ] [HIDMotionEvent] <FT5406 memory based driver> range position Y is 0 - 480
 . . . . .